#
# There is insufficient memory for the Java Runtime Environment to continue.
# Native memory allocation (malloc) failed to allocate 152016 bytes for Chunk::new
# Possible reasons:
#   The system is out of physical RAM or swap space
#   The process is running with CompressedOops enabled, and the Java Heap may be blocking the growth of the native heap
# Possible solutions:
#   Reduce memory load on the system
#   Increase physical memory or swap space
#   Check if swap backing store is full
#   Decrease Java heap size (-Xmx/-Xms)
#   Decrease number of Java threads
#   Decrease Java thread stack sizes (-Xss)
#   Set larger code cache with -XX:ReservedCodeCacheSize=
#   JVM is running with Zero Based Compressed Oops mode in which the Java heap is
#     placed in the first 32GB address space. The Java Heap base address is the
#     maximum limit for the native heap growth. Please use -XX:HeapBaseMinAddress
#     to set the Java Heap base and to place the Java Heap above 32GB virtual address.
# This output file may be truncated or incomplete.
#
#  Out of Memory Error (arena.cpp:184), pid=21124, tid=22224
#
# JRE version: Java(TM) SE Runtime Environment (19.0.1+10) (build 19.0.1+10-21)
# Java VM: Java HotSpot(TM) 64-Bit Server VM (19.0.1+10-21, mixed mode, sharing, tiered, compressed oops, compressed class ptrs, g1 gc, windows-amd64)
# No core dump will be written. Minidumps are not enabled by default on client versions of Windows
#

---------------  S U M M A R Y ------------

Command Line: -Dfile.encoding=UTF-8 --module-path=C:\Users\Paolo\Documents\GitHub\PandelitosEcommerceWebsite\PandelitosEcommerceWebsite\PandelitosEcommerceWebsite\build\classes pandelitosecommercewebsite.ProductInformation1

Host: AMD FX(tm)-6300 Six-Core Processor             , 6 cores, 14G,  Windows 10 , 64 bit Build 19041 (10.0.19041.2788)
Time: Thu Apr 27 00:42:04 2023 Malay Peninsula Standard Time elapsed time: 0.359033 seconds (0d 0h 0m 0s)

---------------  T H R E A D  ---------------

Current thread (0x0000022d5368e240):  JavaThread "C2 CompilerThread0" daemon [_thread_in_native, id=22224, stack(0x0000005124e00000,0x0000005124f00000)]


Current CompileTask:
C2:    360  163       4       java.util.HashMap::putVal (300 bytes)

Stack: [0x0000005124e00000,0x0000005124f00000]
Native frames: (J=compiled Java code, j=interpreted, Vv=VM code, C=native code)
V  [jvm.dll+0x6ee8fa]
V  [jvm.dll+0x857a1e]
V  [jvm.dll+0x85940e]
V  [jvm.dll+0x859ac3]
V  [jvm.dll+0x28291f]
V  [jvm.dll+0xc9b5f]
V  [jvm.dll+0xc9ee5]
V  [jvm.dll+0x2f7c6f]
V  [jvm.dll+0x5f0c5b]
V  [jvm.dll+0x2551fc]
V  [jvm.dll+0x24e097]
V  [jvm.dll+0x24b563]
V  [jvm.dll+0x1d6d61]
V  [jvm.dll+0x25b0fa]
V  [jvm.dll+0x259588]
V  [jvm.dll+0x807928]
V  [jvm.dll+0x8015fa]
V  [jvm.dll+0x6ed5eb]
C  [ucrtbase.dll+0x21bb2]
C  [KERNEL32.DLL+0x17604]
C  [ntdll.dll+0x526a1]


---------------  P R O C E S S  ---------------

Threads class SMR info:
_java_thread_list=0x0000022d578c3640, length=12, elements={
0x0000022d2efe8320, 0x0000022d536828f0, 0x0000022d536834e0, 0x0000022d53685a10,
0x0000022d53687350, 0x0000022d53689c90, 0x0000022d5368a5c0, 0x0000022d5368e240,
0x0000022d53690bc0, 0x0000022d53694550, 0x0000022d53657690, 0x0000022d5791b310
}

Java Threads: ( => current thread )
  0x0000022d2efe8320 JavaThread "main" [_thread_in_vm, id=10164, stack(0x0000005124100000,0x0000005124200000)]
  0x0000022d536828f0 JavaThread "Reference Handler" daemon [_thread_blocked, id=9544, stack(0x0000005124800000,0x0000005124900000)]
  0x0000022d536834e0 JavaThread "Finalizer" daemon [_thread_blocked, id=20996, stack(0x0000005124900000,0x0000005124a00000)]
  0x0000022d53685a10 JavaThread "Signal Dispatcher" daemon [_thread_blocked, id=15852, stack(0x0000005124a00000,0x0000005124b00000)]
  0x0000022d53687350 JavaThread "Attach Listener" daemon [_thread_blocked, id=1864, stack(0x0000005124b00000,0x0000005124c00000)]
  0x0000022d53689c90 JavaThread "Service Thread" daemon [_thread_blocked, id=18064, stack(0x0000005124c00000,0x0000005124d00000)]
  0x0000022d5368a5c0 JavaThread "Monitor Deflation Thread" daemon [_thread_blocked, id=21728, stack(0x0000005124d00000,0x0000005124e00000)]
=>0x0000022d5368e240 JavaThread "C2 CompilerThread0" daemon [_thread_in_native, id=22224, stack(0x0000005124e00000,0x0000005124f00000)]
  0x0000022d53690bc0 JavaThread "C1 CompilerThread0" daemon [_thread_in_native, id=21164, stack(0x0000005124f00000,0x0000005125000000)]
  0x0000022d53694550 JavaThread "Sweeper thread" daemon [_thread_blocked, id=1268, stack(0x0000005125000000,0x0000005125100000)]
  0x0000022d53657690 JavaThread "Common-Cleaner" daemon [_thread_blocked, id=17284, stack(0x0000005125100000,0x0000005125200000)]
  0x0000022d5791b310 JavaThread "Notification Thread" daemon [_thread_blocked, id=21152, stack(0x0000005125200000,0x0000005125300000)]

Other Threads:
  0x0000022d53667490 VMThread "VM Thread" [stack: 0x0000005124700000,0x0000005124800000] [id=21064]
  0x0000022d579826c0 WatcherThread "VM Periodic Task Thread" [stack: 0x0000005125300000,0x0000005125400000] [id=22084]
  0x0000022d2f055480 WorkerThread "GC Thread#0" [stack: 0x0000005124200000,0x0000005124300000] [id=20820]
  0x0000022d2f065540 ConcurrentGCThread "G1 Main Marker" [stack: 0x0000005124300000,0x0000005124400000] [id=20504]
  0x0000022d2f069630 WorkerThread "G1 Conc#0" [stack: 0x0000005124400000,0x0000005124500000] [id=14696]
  0x0000022d2f0beae0 ConcurrentGCThread "G1 Refine#0" [stack: 0x0000005124500000,0x0000005124600000] [id=21636]
  0x0000022d53524620 ConcurrentGCThread "G1 Service" [stack: 0x0000005124600000,0x0000005124700000] [id=22028]

Threads with active compile tasks:
C2 CompilerThread0      418  163       4       java.util.HashMap::putVal (300 bytes)
C1 CompilerThread0      418  210       3       jdk.internal.jimage.ImageStringsReader::unmaskedHashCode (166 bytes)

VM state: not at safepoint (normal execution)

VM Mutex/Monitor currently owned by a thread: None

Heap address: 0x0000000710400000, size: 3836 MB, Compressed Oops mode: Zero based, Oop shift amount: 3

CDS archive(s) mapped at: [0x0000000800000000-0x0000000800c40000-0x0000000800c40000), size 12845056, SharedBaseAddress: 0x0000000800000000, ArchiveRelocationMode: 0.
Compressed class space mapped at: 0x0000000801000000-0x0000000841000000, reserved size: 1073741824
Narrow klass base: 0x0000000800000000, Narrow klass shift: 0, Narrow klass range: 0x100000000

GC Precious Log:
 CardTable entry size: 512
 Card Set container configuration: InlinePtr #cards 4 size 8 Array Of Cards #cards 16 size 48 Howl #buckets 8 coarsen threshold 3686 Howl Bitmap #cards 512 size 80 coarsen threshold 460 Card regions per heap region 1 cards per card region 4096
 CPUs: 6 total, 6 available
 Memory: 15341M
 Large Page Support: Disabled
 NUMA Support: Disabled
 Compressed Oops: Enabled (Zero based)
 Heap Region Size: 2M
 Heap Min Capacity: 8M
 Heap Initial Capacity: 240M
 Heap Max Capacity: 3836M
 Pre-touch: Disabled
 Parallel Workers: 6
 Concurrent Workers: 2
 Concurrent Refinement Workers: 6
 Periodic GC: Disabled

Heap:
 garbage-first heap   total 245760K, used 2048K [0x0000000710400000, 0x0000000800000000)
  region size 2048K, 2 young (4096K), 0 survivors (0K)
 Metaspace       used 1035K, committed 1216K, reserved 1114112K
  class space    used 92K, committed 192K, reserved 1048576K

Heap Regions: E=young(eden), S=young(survivor), O=old, HS=humongous(starts), HC=humongous(continues), CS=collection set, F=free, OA=open archive, CA=closed archive, TAMS=top-at-mark-start (previous, next)
|   0|0x0000000710400000, 0x0000000710400000, 0x0000000710600000|  0%| F|  |TAMS 0x0000000710400000, 0x0000000710400000| Untracked 
|   1|0x0000000710600000, 0x0000000710600000, 0x0000000710800000|  0%| F|  |TAMS 0x0000000710600000, 0x0000000710600000| Untracked 
|   2|0x0000000710800000, 0x0000000710800000, 0x0000000710a00000|  0%| F|  |TAMS 0x0000000710800000, 0x0000000710800000| Untracked 
|   3|0x0000000710a00000, 0x0000000710a00000, 0x0000000710c00000|  0%| F|  |TAMS 0x0000000710a00000, 0x0000000710a00000| Untracked 
|   4|0x0000000710c00000, 0x0000000710c00000, 0x0000000710e00000|  0%| F|  |TAMS 0x0000000710c00000, 0x0000000710c00000| Untracked 
|   5|0x0000000710e00000, 0x0000000710e00000, 0x0000000711000000|  0%| F|  |TAMS 0x0000000710e00000, 0x0000000710e00000| Untracked 
|   6|0x0000000711000000, 0x0000000711000000, 0x0000000711200000|  0%| F|  |TAMS 0x0000000711000000, 0x0000000711000000| Untracked 
|   7|0x0000000711200000, 0x0000000711200000, 0x0000000711400000|  0%| F|  |TAMS 0x0000000711200000, 0x0000000711200000| Untracked 
|   8|0x0000000711400000, 0x0000000711400000, 0x0000000711600000|  0%| F|  |TAMS 0x0000000711400000, 0x0000000711400000| Untracked 
|   9|0x0000000711600000, 0x0000000711600000, 0x0000000711800000|  0%| F|  |TAMS 0x0000000711600000, 0x0000000711600000| Untracked 
|  10|0x0000000711800000, 0x0000000711800000, 0x0000000711a00000|  0%| F|  |TAMS 0x0000000711800000, 0x0000000711800000| Untracked 
|  11|0x0000000711a00000, 0x0000000711a00000, 0x0000000711c00000|  0%| F|  |TAMS 0x0000000711a00000, 0x0000000711a00000| Untracked 
|  12|0x0000000711c00000, 0x0000000711c00000, 0x0000000711e00000|  0%| F|  |TAMS 0x0000000711c00000, 0x0000000711c00000| Untracked 
|  13|0x0000000711e00000, 0x0000000711e00000, 0x0000000712000000|  0%| F|  |TAMS 0x0000000711e00000, 0x0000000711e00000| Untracked 
|  14|0x0000000712000000, 0x0000000712000000, 0x0000000712200000|  0%| F|  |TAMS 0x0000000712000000, 0x0000000712000000| Untracked 
|  15|0x0000000712200000, 0x0000000712200000, 0x0000000712400000|  0%| F|  |TAMS 0x0000000712200000, 0x0000000712200000| Untracked 
|  16|0x0000000712400000, 0x0000000712400000, 0x0000000712600000|  0%| F|  |TAMS 0x0000000712400000, 0x0000000712400000| Untracked 
|  17|0x0000000712600000, 0x0000000712600000, 0x0000000712800000|  0%| F|  |TAMS 0x0000000712600000, 0x0000000712600000| Untracked 
|  18|0x0000000712800000, 0x0000000712800000, 0x0000000712a00000|  0%| F|  |TAMS 0x0000000712800000, 0x0000000712800000| Untracked 
|  19|0x0000000712a00000, 0x0000000712a00000, 0x0000000712c00000|  0%| F|  |TAMS 0x0000000712a00000, 0x0000000712a00000| Untracked 
|  20|0x0000000712c00000, 0x0000000712c00000, 0x0000000712e00000|  0%| F|  |TAMS 0x0000000712c00000, 0x0000000712c00000| Untracked 
|  21|0x0000000712e00000, 0x0000000712e00000, 0x0000000713000000|  0%| F|  |TAMS 0x0000000712e00000, 0x0000000712e00000| Untracked 
|  22|0x0000000713000000, 0x0000000713000000, 0x0000000713200000|  0%| F|  |TAMS 0x0000000713000000, 0x0000000713000000| Untracked 
|  23|0x0000000713200000, 0x0000000713200000, 0x0000000713400000|  0%| F|  |TAMS 0x0000000713200000, 0x0000000713200000| Untracked 
|  24|0x0000000713400000, 0x0000000713400000, 0x0000000713600000|  0%| F|  |TAMS 0x0000000713400000, 0x0000000713400000| Untracked 
|  25|0x0000000713600000, 0x0000000713600000, 0x0000000713800000|  0%| F|  |TAMS 0x0000000713600000, 0x0000000713600000| Untracked 
|  26|0x0000000713800000, 0x0000000713800000, 0x0000000713a00000|  0%| F|  |TAMS 0x0000000713800000, 0x0000000713800000| Untracked 
|  27|0x0000000713a00000, 0x0000000713a00000, 0x0000000713c00000|  0%| F|  |TAMS 0x0000000713a00000, 0x0000000713a00000| Untracked 
|  28|0x0000000713c00000, 0x0000000713c00000, 0x0000000713e00000|  0%| F|  |TAMS 0x0000000713c00000, 0x0000000713c00000| Untracked 
|  29|0x0000000713e00000, 0x0000000713e00000, 0x0000000714000000|  0%| F|  |TAMS 0x0000000713e00000, 0x0000000713e00000| Untracked 
|  30|0x0000000714000000, 0x0000000714000000, 0x0000000714200000|  0%| F|  |TAMS 0x0000000714000000, 0x0000000714000000| Untracked 
|  31|0x0000000714200000, 0x0000000714200000, 0x0000000714400000|  0%| F|  |TAMS 0x0000000714200000, 0x0000000714200000| Untracked 
|  32|0x0000000714400000, 0x0000000714400000, 0x0000000714600000|  0%| F|  |TAMS 0x0000000714400000, 0x0000000714400000| Untracked 
|  33|0x0000000714600000, 0x0000000714600000, 0x0000000714800000|  0%| F|  |TAMS 0x0000000714600000, 0x0000000714600000| Untracked 
|  34|0x0000000714800000, 0x0000000714800000, 0x0000000714a00000|  0%| F|  |TAMS 0x0000000714800000, 0x0000000714800000| Untracked 
|  35|0x0000000714a00000, 0x0000000714a00000, 0x0000000714c00000|  0%| F|  |TAMS 0x0000000714a00000, 0x0000000714a00000| Untracked 
|  36|0x0000000714c00000, 0x0000000714c00000, 0x0000000714e00000|  0%| F|  |TAMS 0x0000000714c00000, 0x0000000714c00000| Untracked 
|  37|0x0000000714e00000, 0x0000000714e00000, 0x0000000715000000|  0%| F|  |TAMS 0x0000000714e00000, 0x0000000714e00000| Untracked 
|  38|0x0000000715000000, 0x0000000715000000, 0x0000000715200000|  0%| F|  |TAMS 0x0000000715000000, 0x0000000715000000| Untracked 
|  39|0x0000000715200000, 0x0000000715200000, 0x0000000715400000|  0%| F|  |TAMS 0x0000000715200000, 0x0000000715200000| Untracked 
|  40|0x0000000715400000, 0x0000000715400000, 0x0000000715600000|  0%| F|  |TAMS 0x0000000715400000, 0x0000000715400000| Untracked 
|  41|0x0000000715600000, 0x0000000715600000, 0x0000000715800000|  0%| F|  |TAMS 0x0000000715600000, 0x0000000715600000| Untracked 
|  42|0x0000000715800000, 0x0000000715800000, 0x0000000715a00000|  0%| F|  |TAMS 0x0000000715800000, 0x0000000715800000| Untracked 
|  43|0x0000000715a00000, 0x0000000715a00000, 0x0000000715c00000|  0%| F|  |TAMS 0x0000000715a00000, 0x0000000715a00000| Untracked 
|  44|0x0000000715c00000, 0x0000000715c00000, 0x0000000715e00000|  0%| F|  |TAMS 0x0000000715c00000, 0x0000000715c00000| Untracked 
|  45|0x0000000715e00000, 0x0000000715e00000, 0x0000000716000000|  0%| F|  |TAMS 0x0000000715e00000, 0x0000000715e00000| Untracked 
|  46|0x0000000716000000, 0x0000000716000000, 0x0000000716200000|  0%| F|  |TAMS 0x0000000716000000, 0x0000000716000000| Untracked 
|  47|0x0000000716200000, 0x0000000716200000, 0x0000000716400000|  0%| F|  |TAMS 0x0000000716200000, 0x0000000716200000| Untracked 
|  48|0x0000000716400000, 0x0000000716400000, 0x0000000716600000|  0%| F|  |TAMS 0x0000000716400000, 0x0000000716400000| Untracked 
|  49|0x0000000716600000, 0x0000000716600000, 0x0000000716800000|  0%| F|  |TAMS 0x0000000716600000, 0x0000000716600000| Untracked 
|  50|0x0000000716800000, 0x0000000716800000, 0x0000000716a00000|  0%| F|  |TAMS 0x0000000716800000, 0x0000000716800000| Untracked 
|  51|0x0000000716a00000, 0x0000000716a00000, 0x0000000716c00000|  0%| F|  |TAMS 0x0000000716a00000, 0x0000000716a00000| Untracked 
|  52|0x0000000716c00000, 0x0000000716c00000, 0x0000000716e00000|  0%| F|  |TAMS 0x0000000716c00000, 0x0000000716c00000| Untracked 
|  53|0x0000000716e00000, 0x0000000716e00000, 0x0000000717000000|  0%| F|  |TAMS 0x0000000716e00000, 0x0000000716e00000| Untracked 
|  54|0x0000000717000000, 0x0000000717000000, 0x0000000717200000|  0%| F|  |TAMS 0x0000000717000000, 0x0000000717000000| Untracked 
|  55|0x0000000717200000, 0x0000000717200000, 0x0000000717400000|  0%| F|  |TAMS 0x0000000717200000, 0x0000000717200000| Untracked 
|  56|0x0000000717400000, 0x0000000717400000, 0x0000000717600000|  0%| F|  |TAMS 0x0000000717400000, 0x0000000717400000| Untracked 
|  57|0x0000000717600000, 0x0000000717600000, 0x0000000717800000|  0%| F|  |TAMS 0x0000000717600000, 0x0000000717600000| Untracked 
|  58|0x0000000717800000, 0x0000000717800000, 0x0000000717a00000|  0%| F|  |TAMS 0x0000000717800000, 0x0000000717800000| Untracked 
|  59|0x0000000717a00000, 0x0000000717a00000, 0x0000000717c00000|  0%| F|  |TAMS 0x0000000717a00000, 0x0000000717a00000| Untracked 
|  60|0x0000000717c00000, 0x0000000717c00000, 0x0000000717e00000|  0%| F|  |TAMS 0x0000000717c00000, 0x0000000717c00000| Untracked 
|  61|0x0000000717e00000, 0x0000000717e00000, 0x0000000718000000|  0%| F|  |TAMS 0x0000000717e00000, 0x0000000717e00000| Untracked 
|  62|0x0000000718000000, 0x0000000718000000, 0x0000000718200000|  0%| F|  |TAMS 0x0000000718000000, 0x0000000718000000| Untracked 
|  63|0x0000000718200000, 0x0000000718200000, 0x0000000718400000|  0%| F|  |TAMS 0x0000000718200000, 0x0000000718200000| Untracked 
|  64|0x0000000718400000, 0x0000000718400000, 0x0000000718600000|  0%| F|  |TAMS 0x0000000718400000, 0x0000000718400000| Untracked 
|  65|0x0000000718600000, 0x0000000718600000, 0x0000000718800000|  0%| F|  |TAMS 0x0000000718600000, 0x0000000718600000| Untracked 
|  66|0x0000000718800000, 0x0000000718800000, 0x0000000718a00000|  0%| F|  |TAMS 0x0000000718800000, 0x0000000718800000| Untracked 
|  67|0x0000000718a00000, 0x0000000718a00000, 0x0000000718c00000|  0%| F|  |TAMS 0x0000000718a00000, 0x0000000718a00000| Untracked 
|  68|0x0000000718c00000, 0x0000000718c00000, 0x0000000718e00000|  0%| F|  |TAMS 0x0000000718c00000, 0x0000000718c00000| Untracked 
|  69|0x0000000718e00000, 0x0000000718e00000, 0x0000000719000000|  0%| F|  |TAMS 0x0000000718e00000, 0x0000000718e00000| Untracked 
|  70|0x0000000719000000, 0x0000000719000000, 0x0000000719200000|  0%| F|  |TAMS 0x0000000719000000, 0x0000000719000000| Untracked 
|  71|0x0000000719200000, 0x0000000719200000, 0x0000000719400000|  0%| F|  |TAMS 0x0000000719200000, 0x0000000719200000| Untracked 
|  72|0x0000000719400000, 0x0000000719400000, 0x0000000719600000|  0%| F|  |TAMS 0x0000000719400000, 0x0000000719400000| Untracked 
|  73|0x0000000719600000, 0x0000000719600000, 0x0000000719800000|  0%| F|  |TAMS 0x0000000719600000, 0x0000000719600000| Untracked 
|  74|0x0000000719800000, 0x0000000719800000, 0x0000000719a00000|  0%| F|  |TAMS 0x0000000719800000, 0x0000000719800000| Untracked 
|  75|0x0000000719a00000, 0x0000000719a00000, 0x0000000719c00000|  0%| F|  |TAMS 0x0000000719a00000, 0x0000000719a00000| Untracked 
|  76|0x0000000719c00000, 0x0000000719c00000, 0x0000000719e00000|  0%| F|  |TAMS 0x0000000719c00000, 0x0000000719c00000| Untracked 
|  77|0x0000000719e00000, 0x0000000719e00000, 0x000000071a000000|  0%| F|  |TAMS 0x0000000719e00000, 0x0000000719e00000| Untracked 
|  78|0x000000071a000000, 0x000000071a000000, 0x000000071a200000|  0%| F|  |TAMS 0x000000071a000000, 0x000000071a000000| Untracked 
|  79|0x000000071a200000, 0x000000071a200000, 0x000000071a400000|  0%| F|  |TAMS 0x000000071a200000, 0x000000071a200000| Untracked 
|  80|0x000000071a400000, 0x000000071a400000, 0x000000071a600000|  0%| F|  |TAMS 0x000000071a400000, 0x000000071a400000| Untracked 
|  81|0x000000071a600000, 0x000000071a600000, 0x000000071a800000|  0%| F|  |TAMS 0x000000071a600000, 0x000000071a600000| Untracked 
|  82|0x000000071a800000, 0x000000071a800000, 0x000000071aa00000|  0%| F|  |TAMS 0x000000071a800000, 0x000000071a800000| Untracked 
|  83|0x000000071aa00000, 0x000000071aa00000, 0x000000071ac00000|  0%| F|  |TAMS 0x000000071aa00000, 0x000000071aa00000| Untracked 
|  84|0x000000071ac00000, 0x000000071ac00000, 0x000000071ae00000|  0%| F|  |TAMS 0x000000071ac00000, 0x000000071ac00000| Untracked 
|  85|0x000000071ae00000, 0x000000071ae00000, 0x000000071b000000|  0%| F|  |TAMS 0x000000071ae00000, 0x000000071ae00000| Untracked 
|  86|0x000000071b000000, 0x000000071b000000, 0x000000071b200000|  0%| F|  |TAMS 0x000000071b000000, 0x000000071b000000| Untracked 
|  87|0x000000071b200000, 0x000000071b200000, 0x000000071b400000|  0%| F|  |TAMS 0x000000071b200000, 0x000000071b200000| Untracked 
|  88|0x000000071b400000, 0x000000071b400000, 0x000000071b600000|  0%| F|  |TAMS 0x000000071b400000, 0x000000071b400000| Untracked 
|  89|0x000000071b600000, 0x000000071b600000, 0x000000071b800000|  0%| F|  |TAMS 0x000000071b600000, 0x000000071b600000| Untracked 
|  90|0x000000071b800000, 0x000000071b800000, 0x000000071ba00000|  0%| F|  |TAMS 0x000000071b800000, 0x000000071b800000| Untracked 
|  91|0x000000071ba00000, 0x000000071ba00000, 0x000000071bc00000|  0%| F|  |TAMS 0x000000071ba00000, 0x000000071ba00000| Untracked 
|  92|0x000000071bc00000, 0x000000071bc00000, 0x000000071be00000|  0%| F|  |TAMS 0x000000071bc00000, 0x000000071bc00000| Untracked 
|  93|0x000000071be00000, 0x000000071be00000, 0x000000071c000000|  0%| F|  |TAMS 0x000000071be00000, 0x000000071be00000| Untracked 
|  94|0x000000071c000000, 0x000000071c000000, 0x000000071c200000|  0%| F|  |TAMS 0x000000071c000000, 0x000000071c000000| Untracked 
|  95|0x000000071c200000, 0x000000071c200000, 0x000000071c400000|  0%| F|  |TAMS 0x000000071c200000, 0x000000071c200000| Untracked 
|  96|0x000000071c400000, 0x000000071c400000, 0x000000071c600000|  0%| F|  |TAMS 0x000000071c400000, 0x000000071c400000| Untracked 
|  97|0x000000071c600000, 0x000000071c600000, 0x000000071c800000|  0%| F|  |TAMS 0x000000071c600000, 0x000000071c600000| Untracked 
|  98|0x000000071c800000, 0x000000071c800000, 0x000000071ca00000|  0%| F|  |TAMS 0x000000071c800000, 0x000000071c800000| Untracked 
|  99|0x000000071ca00000, 0x000000071ca00000, 0x000000071cc00000|  0%| F|  |TAMS 0x000000071ca00000, 0x000000071ca00000| Untracked 
| 100|0x000000071cc00000, 0x000000071cc00000, 0x000000071ce00000|  0%| F|  |TAMS 0x000000071cc00000, 0x000000071cc00000| Untracked 
| 101|0x000000071ce00000, 0x000000071ce00000, 0x000000071d000000|  0%| F|  |TAMS 0x000000071ce00000, 0x000000071ce00000| Untracked 
| 102|0x000000071d000000, 0x000000071d000000, 0x000000071d200000|  0%| F|  |TAMS 0x000000071d000000, 0x000000071d000000| Untracked 
| 103|0x000000071d200000, 0x000000071d200000, 0x000000071d400000|  0%| F|  |TAMS 0x000000071d200000, 0x000000071d200000| Untracked 
| 104|0x000000071d400000, 0x000000071d400000, 0x000000071d600000|  0%| F|  |TAMS 0x000000071d400000, 0x000000071d400000| Untracked 
| 105|0x000000071d600000, 0x000000071d600000, 0x000000071d800000|  0%| F|  |TAMS 0x000000071d600000, 0x000000071d600000| Untracked 
| 106|0x000000071d800000, 0x000000071d800000, 0x000000071da00000|  0%| F|  |TAMS 0x000000071d800000, 0x000000071d800000| Untracked 
| 107|0x000000071da00000, 0x000000071da00000, 0x000000071dc00000|  0%| F|  |TAMS 0x000000071da00000, 0x000000071da00000| Untracked 
| 108|0x000000071dc00000, 0x000000071dc00000, 0x000000071de00000|  0%| F|  |TAMS 0x000000071dc00000, 0x000000071dc00000| Untracked 
| 109|0x000000071de00000, 0x000000071de00000, 0x000000071e000000|  0%| F|  |TAMS 0x000000071de00000, 0x000000071de00000| Untracked 
| 110|0x000000071e000000, 0x000000071e000000, 0x000000071e200000|  0%| F|  |TAMS 0x000000071e000000, 0x000000071e000000| Untracked 
| 111|0x000000071e200000, 0x000000071e200000, 0x000000071e400000|  0%| F|  |TAMS 0x000000071e200000, 0x000000071e200000| Untracked 
| 112|0x000000071e400000, 0x000000071e400000, 0x000000071e600000|  0%| F|  |TAMS 0x000000071e400000, 0x000000071e400000| Untracked 
| 113|0x000000071e600000, 0x000000071e600000, 0x000000071e800000|  0%| F|  |TAMS 0x000000071e600000, 0x000000071e600000| Untracked 
| 114|0x000000071e800000, 0x000000071e800000, 0x000000071ea00000|  0%| F|  |TAMS 0x000000071e800000, 0x000000071e800000| Untracked 
| 115|0x000000071ea00000, 0x000000071ea00000, 0x000000071ec00000|  0%| F|  |TAMS 0x000000071ea00000, 0x000000071ea00000| Untracked 
| 116|0x000000071ec00000, 0x000000071ec00000, 0x000000071ee00000|  0%| F|  |TAMS 0x000000071ec00000, 0x000000071ec00000| Untracked 
| 117|0x000000071ee00000, 0x000000071ee00000, 0x000000071f000000|  0%| F|  |TAMS 0x000000071ee00000, 0x000000071ee00000| Untracked 
| 118|0x000000071f000000, 0x000000071f133bf8, 0x000000071f200000| 60%| E|  |TAMS 0x000000071f000000, 0x000000071f000000| Complete 
| 119|0x000000071f200000, 0x000000071f400000, 0x000000071f400000|100%| E|CS|TAMS 0x000000071f200000, 0x000000071f200000| Complete 

Card table byte_map: [0x0000022d48710000,0x0000022d48e90000] _byte_map_base: 0x0000022d44e8e000

Marking Bits (Prev, Next): (CMBitMap*) 0x0000022d2f055ab0, (CMBitMap*) 0x0000022d2f055af0
 Prev Bits: [0x0000022d49610000, 0x0000022d4d200000)
 Next Bits: [0x0000022d4d200000, 0x0000022d50df0000)

Polling page: 0x0000022d2f0c0000

Metaspace:

Usage:
  Non-class:      1.04 MB used.
      Class:    106.98 KB used.
       Both:      1.15 MB used.

Virtual space:
  Non-class space:       64.00 MB reserved,       1.12 MB (  2%) committed,  1 nodes.
      Class space:        1.00 GB reserved,     192.00 KB ( <1%) committed,  1 nodes.
             Both:        1.06 GB reserved,       1.31 MB ( <1%) committed. 

Chunk freelists:
   Non-Class:  3.98 MB
       Class:  3.74 MB
        Both:  7.72 MB

MaxMetaspaceSize: unlimited
CompressedClassSpaceSize: 1.00 GB
Initial GC threshold: 21.00 MB
Current GC threshold: 21.00 MB
CDS: on
MetaspaceReclaimPolicy: balanced
 - commit_granule_bytes: 65536.
 - commit_granule_words: 8192.
 - virtual_space_node_default_size: 8388608.
 - enlarge_chunks_in_place: 1.
 - new_chunks_are_fully_committed: 0.
 - uncommit_free_chunks: 1.
 - use_allocation_guard: 0.


Internal statistics:

num_allocs_failed_limit: 0.
num_arena_births: 8.
num_arena_deaths: 0.
num_vsnodes_births: 2.
num_vsnodes_deaths: 0.
num_space_committed: 21.
num_space_uncommitted: 0.
num_chunks_returned_to_freelist: 0.
num_chunks_taken_from_freelist: 11.
num_chunk_merges: 0.
num_chunk_splits: 5.
num_chunks_enlarged: 2.
num_inconsistent_stats: 0.

CodeHeap 'non-profiled nmethods': size=120000Kb used=63Kb max_used=63Kb free=119936Kb
 bounds [0x0000022d40200000, 0x0000022d40470000, 0x0000022d47730000]
CodeHeap 'profiled nmethods': size=120000Kb used=220Kb max_used=220Kb free=119779Kb
 bounds [0x0000022d38730000, 0x0000022d389a0000, 0x0000022d3fc60000]
CodeHeap 'non-nmethods': size=5760Kb used=1198Kb max_used=1198Kb free=4561Kb
 bounds [0x0000022d3fc60000, 0x0000022d3fed0000, 0x0000022d40200000]
 total_blobs=608 nmethods=212 adapters=308
 compilation: enabled
              stopped_count=0, restarted_count=0
 full_count=0

Compilation events (20 events):
Event: 0.343 Thread 0x0000022d53690bc0  181       3       java.util.Optional::ofNullable (19 bytes)
Event: 0.343 Thread 0x0000022d5368e240 nmethod 162 0x0000022d4020db10 code [0x0000022d4020dca0, 0x0000022d4020de58]
Event: 0.343 Thread 0x0000022d5368e240  163       4       java.util.HashMap::putVal (300 bytes)
Event: 0.343 Thread 0x0000022d53690bc0 nmethod 181 0x0000022d3875d790 code [0x0000022d3875d940, 0x0000022d3875dbf8]
Event: 0.343 Thread 0x0000022d53690bc0  182       1       java.lang.module.ModuleDescriptor$Version::toString (5 bytes)
Event: 0.343 Thread 0x0000022d53690bc0 nmethod 182 0x0000022d4020df90 code [0x0000022d4020e120, 0x0000022d4020e1f8]
Event: 0.343 Thread 0x0000022d53690bc0  183       3       java.util.HashSet::<init> (16 bytes)
Event: 0.344 Thread 0x0000022d53690bc0 nmethod 183 0x0000022d3875dd10 code [0x0000022d3875dee0, 0x0000022d3875e2f8]
Event: 0.345 Thread 0x0000022d53690bc0  184       3       java.util.AbstractMap::<init> (5 bytes)
Event: 0.345 Thread 0x0000022d53690bc0 nmethod 184 0x0000022d3875e490 code [0x0000022d3875e640, 0x0000022d3875e798]
Event: 0.346 Thread 0x0000022d53690bc0  185       1       java.lang.module.ResolvedModule::configuration (5 bytes)
Event: 0.346 Thread 0x0000022d53690bc0 nmethod 185 0x0000022d4020e290 code [0x0000022d4020e420, 0x0000022d4020e4f8]
Event: 0.346 Thread 0x0000022d53690bc0  186       3       java.lang.module.ResolvedModule::name (11 bytes)
Event: 0.346 Thread 0x0000022d53690bc0 nmethod 186 0x0000022d3875e890 code [0x0000022d3875ea40, 0x0000022d3875ebb8]
Event: 0.346 Thread 0x0000022d53690bc0  187       1       java.lang.module.ModuleDescriptor::isOpen (5 bytes)
Event: 0.346 Thread 0x0000022d53690bc0 nmethod 187 0x0000022d4020e590 code [0x0000022d4020e720, 0x0000022d4020e7f8]
Event: 0.346 Thread 0x0000022d53690bc0  188       1       java.util.HashMap::size (5 bytes)
Event: 0.346 Thread 0x0000022d53690bc0 nmethod 188 0x0000022d4020e890 code [0x0000022d4020ea20, 0x0000022d4020ead8]
Event: 0.346 Thread 0x0000022d53690bc0  189       1       java.lang.module.ModuleDescriptor$Provides::service (5 bytes)
Event: 0.346 Thread 0x0000022d53690bc0 nmethod 189 0x0000022d4020eb90 code [0x0000022d4020ed20, 0x0000022d4020edf8]

GC Heap History (0 events):
No events

Dll operation events (4 events):
Event: 0.023 Loaded shared library C:\Program Files\Java\jdk-19\bin\java.dll
Event: 0.068 Loaded shared library C:\Program Files\Java\jdk-19\bin\jsvml.dll
Event: 0.298 Loaded shared library C:\Program Files\Java\jdk-19\bin\net.dll
Event: 0.305 Loaded shared library C:\Program Files\Java\jdk-19\bin\nio.dll

Deoptimization events (0 events):
No events

Classes loaded (20 events):
Event: 0.314 Loading class java/nio/file/FileSystemException
Event: 0.314 Loading class java/io/IOException
Event: 0.314 Loading class java/io/IOException done
Event: 0.314 Loading class java/nio/file/FileSystemException done
Event: 0.314 Loading class java/nio/file/NoSuchFileException done
Event: 0.315 Loading class java/nio/file/Files$AcceptAllFilter
Event: 0.316 Loading class java/nio/file/DirectoryStream$Filter
Event: 0.317 Loading class java/nio/file/DirectoryStream$Filter done
Event: 0.317 Loading class java/nio/file/Files$AcceptAllFilter done
Event: 0.317 Loading class sun/nio/fs/WindowsDirectoryStream$WindowsDirectoryIterator
Event: 0.317 Loading class sun/nio/fs/WindowsDirectoryStream$WindowsDirectoryIterator done
Event: 0.318 Loading class sun/nio/fs/WindowsPath$WindowsPathWithAttributes
Event: 0.318 Loading class sun/nio/fs/BasicFileAttributesHolder
Event: 0.319 Loading class sun/nio/fs/BasicFileAttributesHolder done
Event: 0.319 Loading class sun/nio/fs/WindowsPath$WindowsPathWithAttributes done
Event: 0.321 Loading class java/nio/file/attribute/FileAttribute
Event: 0.321 Loading class java/nio/file/attribute/FileAttribute done
Event: 0.321 Loading class sun/nio/fs/WindowsSecurityDescriptor
Event: 0.322 Loading class sun/nio/fs/WindowsSecurityDescriptor done
Event: 0.353 Loading class sun/nio/cs/UTF_8$Decoder

Classes unloaded (0 events):
No events

Classes redefined (0 events):
No events

Internal exceptions (3 events):
Event: 0.311 Thread 0x0000022d2efe8320 Exception <a 'sun/nio/fs/WindowsException'{0x000000071f388238}> (0x000000071f388238) 
thrown [s\open\src\hotspot\share\prims\jni.cpp, line 517]
Event: 0.313 Thread 0x0000022d2efe8320 Exception <a 'sun/nio/fs/WindowsException'{0x000000071f3888d0}> (0x000000071f3888d0) 
thrown [s\open\src\hotspot\share\prims\jni.cpp, line 517]
Event: 0.322 Thread 0x0000022d2efe8320 Exception <a 'sun/nio/fs/WindowsException'{0x000000071f38b468}> (0x000000071f38b468) 
thrown [s\open\src\hotspot\share\prims\jni.cpp, line 517]

VM Operations (2 events):
Event: 0.326 Executing VM operation: HandshakeAllThreads
Event: 0.326 Executing VM operation: HandshakeAllThreads done

Events (12 events):
Event: 0.069 Thread 0x0000022d2efe8320 Thread added: 0x0000022d2efe8320
Event: 0.130 Thread 0x0000022d536828f0 Thread added: 0x0000022d536828f0
Event: 0.130 Thread 0x0000022d536834e0 Thread added: 0x0000022d536834e0
Event: 0.140 Thread 0x0000022d53685a10 Thread added: 0x0000022d53685a10
Event: 0.140 Thread 0x0000022d53687350 Thread added: 0x0000022d53687350
Event: 0.141 Thread 0x0000022d53689c90 Thread added: 0x0000022d53689c90
Event: 0.142 Thread 0x0000022d5368a5c0 Thread added: 0x0000022d5368a5c0
Event: 0.142 Thread 0x0000022d5368e240 Thread added: 0x0000022d5368e240
Event: 0.151 Thread 0x0000022d53690bc0 Thread added: 0x0000022d53690bc0
Event: 0.152 Thread 0x0000022d53694550 Thread added: 0x0000022d53694550
Event: 0.254 Thread 0x0000022d53657690 Thread added: 0x0000022d53657690
Event: 0.348 Thread 0x0000022d5791b310 Thread added: 0x0000022d5791b310


Dynamic libraries:
0x00007ff7b55e0000 - 0x00007ff7b55f0000 	C:\Program Files\Java\jdk-19\bin\java.exe
0x00007ffed1430000 - 0x00007ffed1628000 	C:\Windows\SYSTEM32\ntdll.dll
0x00007ffecfff0000 - 0x00007ffed00af000 	C:\Windows\System32\KERNEL32.DLL
0x00007ffeceef0000 - 0x00007ffecf1ca000 	C:\Windows\System32\KERNELBASE.dll
0x00007ffecf390000 - 0x00007ffecf490000 	C:\Windows\System32\ucrtbase.dll
0x00007ffecb400000 - 0x00007ffecb418000 	C:\Program Files\Java\jdk-19\bin\jli.dll
0x00007ffed0b20000 - 0x00007ffed0bce000 	C:\Windows\System32\ADVAPI32.dll
0x00007ffed0bd0000 - 0x00007ffed0c6e000 	C:\Windows\System32\msvcrt.dll
0x00007ffea8d60000 - 0x00007ffea8d7b000 	C:\Program Files\Java\jdk-19\bin\VCRUNTIME140.dll
0x00007ffecfa20000 - 0x00007ffecfabc000 	C:\Windows\System32\sechost.dll
0x00007ffecf810000 - 0x00007ffecf936000 	C:\Windows\System32\RPCRT4.dll
0x00007ffecf670000 - 0x00007ffecf80d000 	C:\Windows\System32\USER32.dll
0x00007ffeceb40000 - 0x00007ffeceb62000 	C:\Windows\System32\win32u.dll
0x00007ffebfdf0000 - 0x00007ffec008a000 	C:\Windows\WinSxS\amd64_microsoft.windows.common-controls_6595b64144ccf1df_6.0.19041.1110_none_60b5254171f9507e\COMCTL32.dll
0x00007ffecffc0000 - 0x00007ffecffeb000 	C:\Windows\System32\GDI32.dll
0x00007ffeceb70000 - 0x00007ffecec80000 	C:\Windows\System32\gdi32full.dll
0x00007ffecee50000 - 0x00007ffeceeed000 	C:\Windows\System32\msvcp_win.dll
0x00007ffec8ea0000 - 0x00007ffec8eaa000 	C:\Windows\SYSTEM32\VERSION.dll
0x00007ffecff30000 - 0x00007ffecff60000 	C:\Windows\System32\IMM32.DLL
0x00007ffea8d50000 - 0x00007ffea8d5c000 	C:\Program Files\Java\jdk-19\bin\vcruntime140_1.dll
0x00007ffe91300000 - 0x00007ffe9138e000 	C:\Program Files\Java\jdk-19\bin\msvcp140.dll
0x00007ffe78cf0000 - 0x00007ffe799b0000 	C:\Program Files\Java\jdk-19\bin\server\jvm.dll
0x00007ffebb960000 - 0x00007ffebb969000 	C:\Windows\SYSTEM32\WSOCK32.dll
0x00007ffec9e90000 - 0x00007ffec9eb7000 	C:\Windows\SYSTEM32\WINMM.dll
0x00007ffed00b0000 - 0x00007ffed011b000 	C:\Windows\System32\WS2_32.dll
0x00007ffecca20000 - 0x00007ffecca32000 	C:\Windows\SYSTEM32\kernel.appcore.dll
0x00007ffe99d60000 - 0x00007ffe99d6a000 	C:\Program Files\Java\jdk-19\bin\jimage.dll
0x00007ffec8180000 - 0x00007ffec8364000 	C:\Windows\SYSTEM32\DBGHELP.DLL
0x00007ffea40d0000 - 0x00007ffea4104000 	C:\Windows\SYSTEM32\dbgcore.DLL
0x00007ffecf300000 - 0x00007ffecf382000 	C:\Windows\System32\bcryptPrimitives.dll
0x00007ffea8d20000 - 0x00007ffea8d46000 	C:\Program Files\Java\jdk-19\bin\java.dll
0x00007ffe917a0000 - 0x00007ffe91877000 	C:\Program Files\Java\jdk-19\bin\jsvml.dll
0x00007ffed03d0000 - 0x00007ffed0b14000 	C:\Windows\System32\SHELL32.dll
0x00007ffeccc20000 - 0x00007ffecd3b3000 	C:\Windows\SYSTEM32\windows.storage.dll
0x00007ffed1090000 - 0x00007ffed13e4000 	C:\Windows\System32\combase.dll
0x00007ffece4c0000 - 0x00007ffece4ee000 	C:\Windows\SYSTEM32\Wldp.dll
0x00007ffed0120000 - 0x00007ffed01cd000 	C:\Windows\System32\SHCORE.dll
0x00007ffed0f00000 - 0x00007ffed0f55000 	C:\Windows\System32\shlwapi.dll
0x00007ffecea80000 - 0x00007ffecea9f000 	C:\Windows\SYSTEM32\profapi.dll
0x00007ffe99d40000 - 0x00007ffe99d53000 	C:\Program Files\Java\jdk-19\bin\net.dll
0x00007ffec8950000 - 0x00007ffec8a5a000 	C:\Windows\SYSTEM32\WINHTTP.dll
0x00007ffece220000 - 0x00007ffece28a000 	C:\Windows\system32\mswsock.dll
0x00007ffe93290000 - 0x00007ffe932a6000 	C:\Program Files\Java\jdk-19\bin\nio.dll
0x00007ffe92050000 - 0x00007ffe92068000 	C:\Program Files\Java\jdk-19\bin\zip.dll

dbghelp: loaded successfully - version: 4.0.5 - missing functions: none
symbol engine: initialized successfully - sym options: 0x614 - pdb path: .;C:\Program Files\Java\jdk-19\bin;C:\Windows\SYSTEM32;C:\Windows\WinSxS\amd64_microsoft.windows.common-controls_6595b64144ccf1df_6.0.19041.1110_none_60b5254171f9507e;C:\Program Files\Java\jdk-19\bin\server

VM Arguments:
jvm_args: -Dfile.encoding=UTF-8 --module-path=C:\Users\Paolo\Documents\GitHub\PandelitosEcommerceWebsite\PandelitosEcommerceWebsite\PandelitosEcommerceWebsite\build\classes 
java_command: pandelitosecommercewebsite.ProductInformation1
java_class_path (initial): C:\Program Files\NetBeans-16\netbeans\java\modules\ext\AbsoluteLayout.jar;C:\Users\Paolo\Documents\GitHub\PandelitosEcommerceWebsite\PandelitosEcommerceWebsite\PandelitosEcommerceWebsite\build\classes
Launcher Type: SUN_STANDARD

[Global flags]
     intx CICompilerCount                          = 3                                         {product} {ergonomic}
     uint ConcGCThreads                            = 2                                         {product} {ergonomic}
     uint G1ConcRefinementThreads                  = 6                                         {product} {ergonomic}
   size_t G1HeapRegionSize                         = 2097152                                   {product} {ergonomic}
    uintx GCDrainStackTargetSize                   = 64                                        {product} {ergonomic}
   size_t InitialHeapSize                          = 251658240                                 {product} {ergonomic}
   size_t MarkStackSize                            = 4194304                                   {product} {ergonomic}
   size_t MaxHeapSize                              = 4022337536                                {product} {ergonomic}
   size_t MaxNewSize                               = 2411724800                                {product} {ergonomic}
   size_t MinHeapDeltaBytes                        = 2097152                                   {product} {ergonomic}
   size_t MinHeapSize                              = 8388608                                   {product} {ergonomic}
    uintx NonNMethodCodeHeapSize                   = 5832780                                {pd product} {ergonomic}
    uintx NonProfiledCodeHeapSize                  = 122912730                              {pd product} {ergonomic}
    uintx ProfiledCodeHeapSize                     = 122912730                              {pd product} {ergonomic}
    uintx ReservedCodeCacheSize                    = 251658240                              {pd product} {ergonomic}
     bool SegmentedCodeCache                       = true                                      {product} {ergonomic}
   size_t SoftMaxHeapSize                          = 4022337536                             {manageable} {ergonomic}
     bool UseCompressedClassPointers               = true                           {product lp64_product} {ergonomic}
     bool UseCompressedOops                        = true                           {product lp64_product} {ergonomic}
     bool UseG1GC                                  = true                                      {product} {ergonomic}
     bool UseLargePagesIndividualAllocation        = false                                  {pd product} {ergonomic}

Logging:
Log output configuration:
 #0: stdout all=warning uptime,level,tags foldmultilines=false
 #1: stderr all=off uptime,level,tags foldmultilines=false

Environment Variables:
JAVA_HOME=C:\Program Files\Java\jdk-19
PATH=C:\Program Files\Common Files\Oracle\Java\javapath;C:\Program Files (x86)\Common Files\Oracle\Java\javapath;C:\ProgramData\Oracle\Java\javapath;C:\Windows\system32;C:\Windows;C:\Windows\System32\Wbem;C:\Windows\System32\WindowsPowerShell\v1.0\;C:\Windows\System32\OpenSSH\;C:\ProgramData\chocolatey\bin;C:\Program Files (x86)\NVIDIA Corporation\PhysX\Common;C:\Program Files (x86)\ZeroTier\One\;C:\Program Files\Git\cmd;C:\Program Files\Java\jdk-19\bin;E:\Anaconda;E:\Anaconda\Library\mingw-w64\bin;E:\Anaconda\Library\usr\bin;E:\Anaconda\Library\bin;E:\Anaconda\Scripts;C:\Users\Paolo\AppData\Local\Microsoft\WindowsApps;E:\Microsoft VS Code\bin;E:\Download\MinGW\bin;C:\Users\Paolo\AppData\Local\GitHubDesktop\bin;G:\Microsoft VS Code\bin
USERNAME=Paolo
OS=Windows_NT
PROCESSOR_IDENTIFIER=AMD64 Family 21 Model 2 Stepping 0, AuthenticAMD
TMP=C:\Users\Paolo\AppData\Local\Temp
TEMP=C:\Users\Paolo\AppData\Local\Temp



---------------  S Y S T E M  ---------------

OS:
 Windows 10 , 64 bit Build 19041 (10.0.19041.2788)
OS uptime: 0 days 16:58 hours

CPU: total 6 (initial active 6) (6 cores per cpu, 1 threads per core) family 21 model 2 stepping 0 microcode 0x0, cx8, cmov, fxsr, mmx, 3dnowpref, sse, sse2, sse3, ssse3, sse4a, sse4.1, sse4.2, popcnt, lzcnt, tsc, tscinvbit, avx, aes, clmul, bmi1, fma, vzeroupper, clflush, rdtscp

Memory: 4k page, system-wide physical 15341M (2974M free)
TotalPageFile size 15341M (AvailPageFile size 1M)
current process WorkingSet (physical memory assigned to process): 35M, peak: 35M
current process commit charge ("private bytes"): 324M, peak: 324M

vm_info: Java HotSpot(TM) 64-Bit Server VM (19.0.1+10-21) for windows-amd64 JRE (19.0.1+10-21), built on 2022-09-14T12:45:06Z by "mach5one" with MS VC++ 17.1 (VS2022)

END.
